<?xml version="1.0" encoding="UTF-8"?>
<coverage generated="1762354293445" clover="3.2.0">
  <project timestamp="1762354293445" name="All files">
    <metrics statements="84" coveredstatements="71" conditionals="35" coveredconditionals="23" methods="31" coveredmethods="28" elements="150" coveredelements="122" complexity="0" loc="84" ncloc="84" packages="1" files="1" classes="1"/>
    <file name="taskStore.ts" path="C:\Users\kanta\kiro-todo\src\stores\taskStore.ts">
      <metrics statements="84" coveredstatements="71" conditionals="35" coveredconditionals="23" methods="31" coveredmethods="28"/>
      <line num="8" count="15" type="stmt"/>
      <line num="12" count="1" type="stmt"/>
      <line num="15" count="1" type="stmt"/>
      <line num="17" count="1" type="stmt"/>
      <line num="26" count="15" type="stmt"/>
      <line num="27" count="15" type="stmt"/>
      <line num="39" count="15" type="stmt"/>
      <line num="40" count="15" type="stmt"/>
      <line num="42" count="15" type="stmt"/>
      <line num="50" count="4" type="stmt"/>
      <line num="51" count="4" type="stmt"/>
      <line num="52" count="4" type="cond" truecount="2" falsecount="0"/>
      <line num="53" count="1" type="stmt"/>
      <line num="59" count="3" type="stmt"/>
      <line num="60" count="3" type="stmt"/>
      <line num="61" count="3" type="stmt"/>
      <line num="64" count="3" type="cond" truecount="4" falsecount="0"/>
      <line num="65" count="1" type="stmt"/>
      <line num="66" count="1" type="stmt"/>
      <line num="69" count="3" type="stmt"/>
      <line num="71" count="3" type="stmt"/>
      <line num="80" count="4" type="stmt"/>
      <line num="81" count="4" type="stmt"/>
      <line num="82" count="4" type="cond" truecount="2" falsecount="0"/>
      <line num="83" count="1" type="stmt"/>
      <line num="89" count="3" type="stmt"/>
      <line num="90" count="4" type="stmt"/>
      <line num="98" count="3" type="stmt"/>
      <line num="99" count="3" type="stmt"/>
      <line num="100" count="3" type="cond" truecount="2" falsecount="0"/>
      <line num="101" count="1" type="stmt"/>
      <line num="107" count="2" type="stmt"/>
      <line num="108" count="2" type="stmt"/>
      <line num="113" count="2" type="stmt"/>
      <line num="122" count="1" type="stmt"/>
      <line num="123" count="1" type="stmt"/>
      <line num="124" count="1" type="stmt"/>
      <line num="126" count="1" type="stmt"/>
      <line num="127" count="1" type="stmt"/>
      <line num="128" count="1" type="cond" truecount="1" falsecount="1"/>
      <line num="130" count="1" type="stmt"/>
      <line num="131" count="1" type="cond" truecount="2" falsecount="2"/>
      <line num="132" count="0" type="stmt"/>
      <line num="133" count="0" type="stmt"/>
      <line num="138" count="1" type="stmt"/>
      <line num="141" count="1" type="cond" truecount="1" falsecount="1"/>
      <line num="142" count="0" type="stmt"/>
      <line num="149" count="1" type="stmt"/>
      <line num="154" count="2" type="stmt"/>
      <line num="158" count="1" type="stmt"/>
      <line num="162" count="1" type="stmt"/>
      <line num="167" count="1" type="stmt"/>
      <line num="169" count="1" type="stmt"/>
      <line num="170" count="1" type="cond" truecount="1" falsecount="1"/>
      <line num="172" count="0" type="stmt"/>
      <line num="173" count="0" type="stmt"/>
      <line num="175" count="0" type="cond" truecount="0" falsecount="2"/>
      <line num="176" count="0" type="stmt"/>
      <line num="182" count="0" type="cond" truecount="0" falsecount="2"/>
      <line num="183" count="0" type="stmt"/>
      <line num="185" count="0" type="stmt"/>
      <line num="187" count="0" type="stmt"/>
      <line num="191" count="50" type="stmt"/>
      <line num="192" count="50" type="stmt"/>
      <line num="194" count="50" type="cond" truecount="1" falsecount="1"/>
      <line num="195" count="50" type="stmt"/>
      <line num="201" count="28" type="cond" truecount="2" falsecount="0"/>
      <line num="202" count="2" type="stmt"/>
      <line num="204" count="26" type="stmt"/>
      <line num="206" count="24" type="stmt"/>
      <line num="209" count="0" type="stmt"/>
      <line num="212" count="50" type="stmt"/>
      <line num="221" count="1" type="stmt"/>
      <line num="223" count="1" type="cond" truecount="1" falsecount="0"/>
      <line num="224" count="2" type="cond" truecount="2" falsecount="0"/>
      <line num="225" count="1" type="stmt"/>
      <line num="228" count="2" type="stmt"/>
      <line num="229" count="0" type="stmt"/>
      <line num="233" count="1" type="stmt"/>
      <line num="234" count="1" type="cond" truecount="1" falsecount="1"/>
      <line num="235" count="1" type="stmt"/>
      <line num="236" count="1" type="stmt"/>
      <line num="241" count="1" type="cond" truecount="1" falsecount="1"/>
      <line num="242" count="1" type="stmt"/>
    </file>
  </project>
</coverage>
