{"C:\\Users\\kanta\\kiro-todo\\src\\stores\\taskStore.ts": {"path":"C:\\Users\\kanta\\kiro-todo\\src\\stores\\taskStore.ts","statementMap":{"0":{"start":{"line":8,"column":2},"end":{"line":8,"column":null}},"1":{"start":{"line":12,"column":20},"end":{"line":12,"column":null}},"2":{"start":{"line":15,"column":13},"end":{"line":218,"column":null}},"3":{"start":{"line":17,"column":14},"end":{"line":164,"column":null}},"4":{"start":{"line":26,"column":20},"end":{"line":26,"column":null}},"5":{"start":{"line":27,"column":30},"end":{"line":36,"column":null}},"6":{"start":{"line":39,"column":14},"end":{"line":39,"column":null}},"7":{"start":{"line":40,"column":8},"end":{"line":40,"column":null}},"8":{"start":{"line":42,"column":8},"end":{"line":46,"column":null}},"9":{"start":{"line":42,"column":24},"end":{"line":46,"column":10}},"10":{"start":{"line":50,"column":8},"end":{"line":76,"column":null}},"11":{"start":{"line":51,"column":28},"end":{"line":51,"column":null}},"12":{"start":{"line":51,"column":58},"end":{"line":51,"column":72}},"13":{"start":{"line":52,"column":10},"end":{"line":57,"column":null}},"14":{"start":{"line":53,"column":12},"end":{"line":56,"column":null}},"15":{"start":{"line":59,"column":31},"end":{"line":59,"column":null}},"16":{"start":{"line":60,"column":30},"end":{"line":60,"column":null}},"17":{"start":{"line":61,"column":30},"end":{"line":61,"column":null}},"18":{"start":{"line":64,"column":10},"end":{"line":67,"column":null}},"19":{"start":{"line":65,"column":18},"end":{"line":65,"column":null}},"20":{"start":{"line":66,"column":12},"end":{"line":66,"column":null}},"21":{"start":{"line":69,"column":10},"end":{"line":69,"column":null}},"22":{"start":{"line":71,"column":10},"end":{"line":75,"column":null}},"23":{"start":{"line":80,"column":8},"end":{"line":94,"column":null}},"24":{"start":{"line":81,"column":29},"end":{"line":81,"column":null}},"25":{"start":{"line":81,"column":54},"end":{"line":81,"column":68}},"26":{"start":{"line":82,"column":10},"end":{"line":87,"column":null}},"27":{"start":{"line":83,"column":12},"end":{"line":86,"column":null}},"28":{"start":{"line":89,"column":10},"end":{"line":93,"column":null}},"29":{"start":{"line":90,"column":46},"end":{"line":90,"column":60}},"30":{"start":{"line":98,"column":8},"end":{"line":118,"column":null}},"31":{"start":{"line":99,"column":28},"end":{"line":99,"column":null}},"32":{"start":{"line":99,"column":58},"end":{"line":99,"column":72}},"33":{"start":{"line":100,"column":10},"end":{"line":105,"column":null}},"34":{"start":{"line":101,"column":12},"end":{"line":104,"column":null}},"35":{"start":{"line":107,"column":31},"end":{"line":107,"column":null}},"36":{"start":{"line":108,"column":10},"end":{"line":111,"column":null}},"37":{"start":{"line":113,"column":10},"end":{"line":117,"column":null}},"38":{"start":{"line":122,"column":8},"end":{"line":150,"column":null}},"39":{"start":{"line":123,"column":30},"end":{"line":123,"column":null}},"40":{"start":{"line":123,"column":57},"end":{"line":123,"column":72}},"41":{"start":{"line":124,"column":16},"end":{"line":124,"column":null}},"42":{"start":{"line":126,"column":27},"end":{"line":126,"column":null}},"43":{"start":{"line":127,"column":31},"end":{"line":139,"column":null}},"44":{"start":{"line":128,"column":12},"end":{"line":128,"column":null}},"45":{"start":{"line":128,"column":32},"end":{"line":128,"column":null}},"46":{"start":{"line":130,"column":36},"end":{"line":130,"column":null}},"47":{"start":{"line":131,"column":12},"end":{"line":137,"column":null}},"48":{"start":{"line":132,"column":14},"end":{"line":132,"column":null}},"49":{"start":{"line":133,"column":14},"end":{"line":136,"column":null}},"50":{"start":{"line":138,"column":12},"end":{"line":138,"column":null}},"51":{"start":{"line":141,"column":10},"end":{"line":147,"column":null}},"52":{"start":{"line":142,"column":12},"end":{"line":146,"column":null}},"53":{"start":{"line":149,"column":10},"end":{"line":149,"column":null}},"54":{"start":{"line":154,"column":8},"end":{"line":154,"column":null}},"55":{"start":{"line":158,"column":8},"end":{"line":158,"column":null}},"56":{"start":{"line":162,"column":8},"end":{"line":162,"column":null}},"57":{"start":{"line":167,"column":40},"end":{"line":210,"column":8}},"58":{"start":{"line":169,"column":23},"end":{"line":169,"column":null}},"59":{"start":{"line":170,"column":10},"end":{"line":170,"column":null}},"60":{"start":{"line":170,"column":21},"end":{"line":170,"column":null}},"61":{"start":{"line":172,"column":10},"end":{"line":188,"column":null}},"62":{"start":{"line":173,"column":27},"end":{"line":173,"column":null}},"63":{"start":{"line":175,"column":12},"end":{"line":181,"column":null}},"64":{"start":{"line":176,"column":14},"end":{"line":180,"column":null}},"65":{"start":{"line":176,"column":74},"end":{"line":180,"column":16}},"66":{"start":{"line":182,"column":12},"end":{"line":184,"column":null}},"67":{"start":{"line":183,"column":14},"end":{"line":183,"column":null}},"68":{"start":{"line":185,"column":12},"end":{"line":185,"column":null}},"69":{"start":{"line":187,"column":12},"end":{"line":187,"column":null}},"70":{"start":{"line":191,"column":10},"end":{"line":207,"column":null}},"71":{"start":{"line":192,"column":27},"end":{"line":192,"column":null}},"72":{"start":{"line":194,"column":12},"end":{"line":200,"column":null}},"73":{"start":{"line":195,"column":14},"end":{"line":199,"column":null}},"74":{"start":{"line":195,"column":75},"end":{"line":199,"column":16}},"75":{"start":{"line":201,"column":12},"end":{"line":203,"column":null}},"76":{"start":{"line":202,"column":14},"end":{"line":202,"column":null}},"77":{"start":{"line":204,"column":12},"end":{"line":204,"column":null}},"78":{"start":{"line":206,"column":12},"end":{"line":206,"column":null}},"79":{"start":{"line":209,"column":38},"end":{"line":209,"column":null}},"80":{"start":{"line":212,"column":30},"end":{"line":215,"column":null}},"81":{"start":{"line":221,"column":53},"end":{"line":221,"column":null}},"82":{"start":{"line":223,"column":37},"end":{"line":231,"column":null}},"83":{"start":{"line":224,"column":2},"end":{"line":226,"column":null}},"84":{"start":{"line":225,"column":4},"end":{"line":225,"column":null}},"85":{"start":{"line":228,"column":2},"end":{"line":230,"column":null}},"86":{"start":{"line":229,"column":4},"end":{"line":229,"column":null}},"87":{"start":{"line":233,"column":36},"end":{"line":238,"column":null}},"88":{"start":{"line":234,"column":2},"end":{"line":237,"column":null}},"89":{"start":{"line":235,"column":4},"end":{"line":235,"column":null}},"90":{"start":{"line":236,"column":4},"end":{"line":236,"column":null}},"91":{"start":{"line":241,"column":0},"end":{"line":243,"column":null}},"92":{"start":{"line":242,"column":2},"end":{"line":242,"column":null}}},"fnMap":{"0":{"name":"generateId","decl":{"start":{"line":7,"column":9},"end":{"line":7,"column":30}},"loc":{"start":{"line":7,"column":30},"end":{"line":9,"column":null}},"line":7},"1":{"name":"(anonymous_1)","decl":{"start":{"line":17,"column":4},"end":{"line":17,"column":5}},"loc":{"start":{"line":17,"column":14},"end":{"line":164,"column":null}},"line":17},"2":{"name":"(anonymous_2)","decl":{"start":{"line":25,"column":15},"end":{"line":25,"column":16}},"loc":{"start":{"line":25,"column":47},"end":{"line":47,"column":null}},"line":25},"3":{"name":"(anonymous_3)","decl":{"start":{"line":42,"column":12},"end":{"line":42,"column":13}},"loc":{"start":{"line":42,"column":24},"end":{"line":46,"column":10}},"line":42},"4":{"name":"(anonymous_4)","decl":{"start":{"line":49,"column":18},"end":{"line":49,"column":19}},"loc":{"start":{"line":49,"column":60},"end":{"line":77,"column":null}},"line":49},"5":{"name":"(anonymous_5)","decl":{"start":{"line":50,"column":12},"end":{"line":50,"column":13}},"loc":{"start":{"line":50,"column":23},"end":{"line":76,"column":9}},"line":50},"6":{"name":"(anonymous_6)","decl":{"start":{"line":51,"column":50},"end":{"line":51,"column":58}},"loc":{"start":{"line":51,"column":58},"end":{"line":51,"column":72}},"line":51},"7":{"name":"(anonymous_7)","decl":{"start":{"line":79,"column":18},"end":{"line":79,"column":19}},"loc":{"start":{"line":79,"column":34},"end":{"line":95,"column":null}},"line":79},"8":{"name":"(anonymous_8)","decl":{"start":{"line":80,"column":12},"end":{"line":80,"column":13}},"loc":{"start":{"line":80,"column":23},"end":{"line":94,"column":9}},"line":80},"9":{"name":"(anonymous_9)","decl":{"start":{"line":81,"column":46},"end":{"line":81,"column":54}},"loc":{"start":{"line":81,"column":54},"end":{"line":81,"column":68}},"line":81},"10":{"name":"(anonymous_10)","decl":{"start":{"line":90,"column":38},"end":{"line":90,"column":46}},"loc":{"start":{"line":90,"column":46},"end":{"line":90,"column":60}},"line":90},"11":{"name":"(anonymous_11)","decl":{"start":{"line":97,"column":20},"end":{"line":97,"column":21}},"loc":{"start":{"line":97,"column":36},"end":{"line":119,"column":null}},"line":97},"12":{"name":"(anonymous_12)","decl":{"start":{"line":98,"column":12},"end":{"line":98,"column":13}},"loc":{"start":{"line":98,"column":23},"end":{"line":118,"column":9}},"line":98},"13":{"name":"(anonymous_13)","decl":{"start":{"line":99,"column":50},"end":{"line":99,"column":58}},"loc":{"start":{"line":99,"column":58},"end":{"line":99,"column":72}},"line":99},"14":{"name":"(anonymous_14)","decl":{"start":{"line":121,"column":29},"end":{"line":121,"column":35}},"loc":{"start":{"line":121,"column":35},"end":{"line":151,"column":null}},"line":121},"15":{"name":"(anonymous_15)","decl":{"start":{"line":122,"column":12},"end":{"line":122,"column":13}},"loc":{"start":{"line":122,"column":23},"end":{"line":150,"column":9}},"line":122},"16":{"name":"(anonymous_16)","decl":{"start":{"line":123,"column":49},"end":{"line":123,"column":57}},"loc":{"start":{"line":123,"column":57},"end":{"line":123,"column":72}},"line":123},"17":{"name":"(anonymous_17)","decl":{"start":{"line":127,"column":47},"end":{"line":127,"column":55}},"loc":{"start":{"line":127,"column":55},"end":{"line":139,"column":11}},"line":127},"18":{"name":"(anonymous_18)","decl":{"start":{"line":153,"column":18},"end":{"line":153,"column":19}},"loc":{"start":{"line":153,"column":40},"end":{"line":155,"column":null}},"line":153},"19":{"name":"(anonymous_19)","decl":{"start":{"line":157,"column":16},"end":{"line":157,"column":17}},"loc":{"start":{"line":157,"column":42},"end":{"line":159,"column":null}},"line":157},"20":{"name":"(anonymous_20)","decl":{"start":{"line":161,"column":18},"end":{"line":161,"column":24}},"loc":{"start":{"line":161,"column":24},"end":{"line":163,"column":null}},"line":161},"21":{"name":"(anonymous_21)","decl":{"start":{"line":167,"column":33},"end":{"line":167,"column":40}},"loc":{"start":{"line":167,"column":40},"end":{"line":210,"column":8}},"line":167},"22":{"name":"(anonymous_22)","decl":{"start":{"line":168,"column":17},"end":{"line":168,"column":18}},"loc":{"start":{"line":168,"column":35},"end":{"line":189,"column":null}},"line":168},"23":{"name":"(anonymous_23)","decl":{"start":{"line":176,"column":58},"end":{"line":176,"column":59}},"loc":{"start":{"line":176,"column":74},"end":{"line":180,"column":16}},"line":176},"24":{"name":"(anonymous_24)","decl":{"start":{"line":190,"column":17},"end":{"line":190,"column":18}},"loc":{"start":{"line":190,"column":50},"end":{"line":208,"column":null}},"line":190},"25":{"name":"(anonymous_25)","decl":{"start":{"line":195,"column":58},"end":{"line":195,"column":59}},"loc":{"start":{"line":195,"column":75},"end":{"line":199,"column":16}},"line":195},"26":{"name":"(anonymous_26)","decl":{"start":{"line":209,"column":20},"end":{"line":209,"column":21}},"loc":{"start":{"line":209,"column":38},"end":{"line":209,"column":null}},"line":209},"27":{"name":"(anonymous_27)","decl":{"start":{"line":212,"column":18},"end":{"line":212,"column":19}},"loc":{"start":{"line":212,"column":30},"end":{"line":215,"column":null}},"line":212},"28":{"name":"(anonymous_28)","decl":{"start":{"line":223,"column":37},"end":{"line":223,"column":38}},"loc":{"start":{"line":223,"column":69},"end":{"line":231,"column":null}},"line":223},"29":{"name":"(anonymous_29)","decl":{"start":{"line":228,"column":40},"end":{"line":228,"column":46}},"loc":{"start":{"line":228,"column":46},"end":{"line":230,"column":5}},"line":228},"30":{"name":"(anonymous_30)","decl":{"start":{"line":233,"column":36},"end":{"line":233,"column":42}},"loc":{"start":{"line":233,"column":42},"end":{"line":238,"column":null}},"line":233}},"branchMap":{"0":{"loc":{"start":{"line":52,"column":10},"end":{"line":57,"column":null}},"type":"if","locations":[{"start":{"line":52,"column":10},"end":{"line":57,"column":null}},{"start":{},"end":{}}],"line":52},"1":{"loc":{"start":{"line":64,"column":10},"end":{"line":67,"column":null}},"type":"if","locations":[{"start":{"line":64,"column":10},"end":{"line":67,"column":null}},{"start":{},"end":{}}],"line":64},"2":{"loc":{"start":{"line":64,"column":14},"end":{"line":64,"column":51}},"type":"binary-expr","locations":[{"start":{"line":64,"column":14},"end":{"line":64,"column":33}},{"start":{"line":64,"column":33},"end":{"line":64,"column":51}}],"line":64},"3":{"loc":{"start":{"line":82,"column":10},"end":{"line":87,"column":null}},"type":"if","locations":[{"start":{"line":82,"column":10},"end":{"line":87,"column":null}},{"start":{},"end":{}}],"line":82},"4":{"loc":{"start":{"line":100,"column":10},"end":{"line":105,"column":null}},"type":"if","locations":[{"start":{"line":100,"column":10},"end":{"line":105,"column":null}},{"start":{},"end":{}}],"line":100},"5":{"loc":{"start":{"line":128,"column":12},"end":{"line":128,"column":null}},"type":"if","locations":[{"start":{"line":128,"column":12},"end":{"line":128,"column":null}},{"start":{},"end":{}}],"line":128},"6":{"loc":{"start":{"line":131,"column":12},"end":{"line":137,"column":null}},"type":"if","locations":[{"start":{"line":131,"column":12},"end":{"line":137,"column":null}},{"start":{},"end":{}}],"line":131},"7":{"loc":{"start":{"line":131,"column":16},"end":{"line":131,"column":65}},"type":"binary-expr","locations":[{"start":{"line":131,"column":16},"end":{"line":131,"column":35}},{"start":{"line":131,"column":35},"end":{"line":131,"column":65}}],"line":131},"8":{"loc":{"start":{"line":141,"column":10},"end":{"line":147,"column":null}},"type":"if","locations":[{"start":{"line":141,"column":10},"end":{"line":147,"column":null}},{"start":{},"end":{}}],"line":141},"9":{"loc":{"start":{"line":170,"column":10},"end":{"line":170,"column":null}},"type":"if","locations":[{"start":{"line":170,"column":10},"end":{"line":170,"column":null}},{"start":{},"end":{}}],"line":170},"10":{"loc":{"start":{"line":175,"column":12},"end":{"line":181,"column":null}},"type":"if","locations":[{"start":{"line":175,"column":12},"end":{"line":181,"column":null}},{"start":{},"end":{}}],"line":175},"11":{"loc":{"start":{"line":182,"column":12},"end":{"line":184,"column":null}},"type":"if","locations":[{"start":{"line":182,"column":12},"end":{"line":184,"column":null}},{"start":{},"end":{}}],"line":182},"12":{"loc":{"start":{"line":194,"column":12},"end":{"line":200,"column":null}},"type":"if","locations":[{"start":{"line":194,"column":12},"end":{"line":200,"column":null}},{"start":{},"end":{}}],"line":194},"13":{"loc":{"start":{"line":201,"column":12},"end":{"line":203,"column":null}},"type":"if","locations":[{"start":{"line":201,"column":12},"end":{"line":203,"column":null}},{"start":{},"end":{}}],"line":201},"14":{"loc":{"start":{"line":223,"column":38},"end":{"line":223,"column":69}},"type":"default-arg","locations":[{"start":{"line":223,"column":59},"end":{"line":223,"column":69}}],"line":223},"15":{"loc":{"start":{"line":224,"column":2},"end":{"line":226,"column":null}},"type":"if","locations":[{"start":{"line":224,"column":2},"end":{"line":226,"column":null}},{"start":{},"end":{}}],"line":224},"16":{"loc":{"start":{"line":234,"column":2},"end":{"line":237,"column":null}},"type":"if","locations":[{"start":{"line":234,"column":2},"end":{"line":237,"column":null}},{"start":{},"end":{}}],"line":234},"17":{"loc":{"start":{"line":241,"column":0},"end":{"line":243,"column":null}},"type":"if","locations":[{"start":{"line":241,"column":0},"end":{"line":243,"column":null}},{"start":{},"end":{}}],"line":241}},"s":{"0":15,"1":1,"2":1,"3":1,"4":15,"5":15,"6":15,"7":15,"8":15,"9":15,"10":4,"11":4,"12":3,"13":4,"14":1,"15":3,"16":3,"17":3,"18":3,"19":1,"20":1,"21":3,"22":3,"23":4,"24":4,"25":3,"26":4,"27":1,"28":3,"29":4,"30":3,"31":3,"32":2,"33":3,"34":1,"35":2,"36":2,"37":2,"38":1,"39":1,"40":1,"41":1,"42":1,"43":1,"44":1,"45":0,"46":1,"47":1,"48":0,"49":0,"50":1,"51":1,"52":0,"53":1,"54":2,"55":1,"56":1,"57":1,"58":1,"59":1,"60":1,"61":0,"62":0,"63":0,"64":0,"65":0,"66":0,"67":0,"68":0,"69":0,"70":50,"71":50,"72":50,"73":50,"74":22,"75":28,"76":2,"77":26,"78":24,"79":0,"80":50,"81":1,"82":1,"83":2,"84":1,"85":2,"86":0,"87":1,"88":1,"89":1,"90":1,"91":1,"92":1},"f":{"0":15,"1":1,"2":15,"3":15,"4":4,"5":4,"6":3,"7":4,"8":4,"9":3,"10":4,"11":3,"12":3,"13":2,"14":1,"15":1,"16":1,"17":1,"18":2,"19":1,"20":1,"21":1,"22":1,"23":0,"24":50,"25":22,"26":0,"27":50,"28":2,"29":0,"30":1},"b":{"0":[1,3],"1":[1,2],"2":[3,3],"3":[1,3],"4":[1,2],"5":[0,1],"6":[0,1],"7":[1,0],"8":[0,1],"9":[1,0],"10":[0,0],"11":[0,0],"12":[50,0],"13":[2,26],"14":[2],"15":[1,1],"16":[1,0],"17":[1,0]},"meta":{"lastBranch":18,"lastFunction":31,"lastStatement":93,"seen":{"f:7:9:7:30":0,"s:8:2:8:Infinity":0,"s:12:20:12:Infinity":1,"s:15:13:218:Infinity":2,"f:17:4:17:5":1,"s:17:14:164:Infinity":3,"f:25:15:25:16":2,"s:26:20:26:Infinity":4,"s:27:30:36:Infinity":5,"s:39:14:39:Infinity":6,"s:40:8:40:Infinity":7,"s:42:8:46:Infinity":8,"f:42:12:42:13":3,"s:42:24:46:10":9,"f:49:18:49:19":4,"s:50:8:76:Infinity":10,"f:50:12:50:13":5,"s:51:28:51:Infinity":11,"f:51:50:51:58":6,"s:51:58:51:72":12,"b:52:10:57:Infinity:undefined:undefined:undefined:undefined":0,"s:52:10:57:Infinity":13,"s:53:12:56:Infinity":14,"s:59:31:59:Infinity":15,"s:60:30:60:Infinity":16,"s:61:30:61:Infinity":17,"b:64:10:67:Infinity:undefined:undefined:undefined:undefined":1,"s:64:10:67:Infinity":18,"b:64:14:64:33:64:33:64:51":2,"s:65:18:65:Infinity":19,"s:66:12:66:Infinity":20,"s:69:10:69:Infinity":21,"s:71:10:75:Infinity":22,"f:79:18:79:19":7,"s:80:8:94:Infinity":23,"f:80:12:80:13":8,"s:81:29:81:Infinity":24,"f:81:46:81:54":9,"s:81:54:81:68":25,"b:82:10:87:Infinity:undefined:undefined:undefined:undefined":3,"s:82:10:87:Infinity":26,"s:83:12:86:Infinity":27,"s:89:10:93:Infinity":28,"f:90:38:90:46":10,"s:90:46:90:60":29,"f:97:20:97:21":11,"s:98:8:118:Infinity":30,"f:98:12:98:13":12,"s:99:28:99:Infinity":31,"f:99:50:99:58":13,"s:99:58:99:72":32,"b:100:10:105:Infinity:undefined:undefined:undefined:undefined":4,"s:100:10:105:Infinity":33,"s:101:12:104:Infinity":34,"s:107:31:107:Infinity":35,"s:108:10:111:Infinity":36,"s:113:10:117:Infinity":37,"f:121:29:121:35":14,"s:122:8:150:Infinity":38,"f:122:12:122:13":15,"s:123:30:123:Infinity":39,"f:123:49:123:57":16,"s:123:57:123:72":40,"s:124:16:124:Infinity":41,"s:126:27:126:Infinity":42,"s:127:31:139:Infinity":43,"f:127:47:127:55":17,"b:128:12:128:Infinity:undefined:undefined:undefined:undefined":5,"s:128:12:128:Infinity":44,"s:128:32:128:Infinity":45,"s:130:36:130:Infinity":46,"b:131:12:137:Infinity:undefined:undefined:undefined:undefined":6,"s:131:12:137:Infinity":47,"b:131:16:131:35:131:35:131:65":7,"s:132:14:132:Infinity":48,"s:133:14:136:Infinity":49,"s:138:12:138:Infinity":50,"b:141:10:147:Infinity:undefined:undefined:undefined:undefined":8,"s:141:10:147:Infinity":51,"s:142:12:146:Infinity":52,"s:149:10:149:Infinity":53,"f:153:18:153:19":18,"s:154:8:154:Infinity":54,"f:157:16:157:17":19,"s:158:8:158:Infinity":55,"f:161:18:161:24":20,"s:162:8:162:Infinity":56,"f:167:33:167:40":21,"s:167:40:210:8":57,"f:168:17:168:18":22,"s:169:23:169:Infinity":58,"b:170:10:170:Infinity:undefined:undefined:undefined:undefined":9,"s:170:10:170:Infinity":59,"s:170:21:170:Infinity":60,"s:172:10:188:Infinity":61,"s:173:27:173:Infinity":62,"b:175:12:181:Infinity:undefined:undefined:undefined:undefined":10,"s:175:12:181:Infinity":63,"s:176:14:180:Infinity":64,"f:176:58:176:59":23,"s:176:74:180:16":65,"b:182:12:184:Infinity:undefined:undefined:undefined:undefined":11,"s:182:12:184:Infinity":66,"s:183:14:183:Infinity":67,"s:185:12:185:Infinity":68,"s:187:12:187:Infinity":69,"f:190:17:190:18":24,"s:191:10:207:Infinity":70,"s:192:27:192:Infinity":71,"b:194:12:200:Infinity:undefined:undefined:undefined:undefined":12,"s:194:12:200:Infinity":72,"s:195:14:199:Infinity":73,"f:195:58:195:59":25,"s:195:75:199:16":74,"b:201:12:203:Infinity:undefined:undefined:undefined:undefined":13,"s:201:12:203:Infinity":75,"s:202:14:202:Infinity":76,"s:204:12:204:Infinity":77,"s:206:12:206:Infinity":78,"f:209:20:209:21":26,"s:209:38:209:Infinity":79,"f:212:18:212:19":27,"s:212:30:215:Infinity":80,"s:221:53:221:Infinity":81,"s:223:37:231:Infinity":82,"f:223:37:223:38":28,"b:223:59:223:69":14,"b:224:2:226:Infinity:undefined:undefined:undefined:undefined":15,"s:224:2:226:Infinity":83,"s:225:4:225:Infinity":84,"s:228:2:230:Infinity":85,"f:228:40:228:46":29,"s:229:4:229:Infinity":86,"s:233:36:238:Infinity":87,"f:233:36:233:42":30,"b:234:2:237:Infinity:undefined:undefined:undefined:undefined":16,"s:234:2:237:Infinity":88,"s:235:4:235:Infinity":89,"s:236:4:236:Infinity":90,"b:241:0:243:Infinity:undefined:undefined:undefined:undefined":17,"s:241:0:243:Infinity":91,"s:242:2:242:Infinity":92}}}
}
